[debug] [2017-11-12T09:51:17.501Z] ----------------------------------------------------------------------
[debug] [2017-11-12T09:51:17.505Z] Command:       /usr/local/bin/node /usr/local/bin/firebase deploy --only functions
[debug] [2017-11-12T09:51:17.505Z] CLI Version:   3.15.0
[debug] [2017-11-12T09:51:17.505Z] Platform:      darwin
[debug] [2017-11-12T09:51:17.505Z] Node Version:  v6.11.1
[debug] [2017-11-12T09:51:17.506Z] Time:          Sun Nov 12 2017 04:51:17 GMT-0500 (EST)
[debug] [2017-11-12T09:51:17.506Z] ----------------------------------------------------------------------
[debug] 
[debug] [2017-11-12T09:51:17.522Z] > command requires scopes: ["email","openid","https://www.googleapis.com/auth/cloudplatformprojects.readonly","https://www.googleapis.com/auth/firebase","https://www.googleapis.com/auth/cloud-platform"]
[debug] [2017-11-12T09:51:17.522Z] > authorizing via signed-in user
[debug] [2017-11-12T09:51:17.525Z] >>> HTTP REQUEST GET https://admin.firebase.com/v1/projects/decision-helper-ff441  
 Sun Nov 12 2017 04:51:17 GMT-0500 (EST)
[debug] [2017-11-12T09:51:18.048Z] <<< HTTP RESPONSE 200
[debug] [2017-11-12T09:51:18.049Z] > refreshing access token with scopes: ["email","https://www.googleapis.com/auth/cloud-platform","https://www.googleapis.com/auth/cloudplatformprojects.readonly","https://www.googleapis.com/auth/firebase","openid"]
[debug] [2017-11-12T09:51:18.049Z] >>> HTTP REQUEST POST https://www.googleapis.com/oauth2/v3/token { refresh_token: '1/_GD9bEB1SJ-0JRYZEsEgmv2peCESLula99poYNWNevI',
  client_id: '563584335869-fgrhgmd47bqnekij5i8b5pr03ho849e6.apps.googleusercontent.com',
  client_secret: 'j9iVZfS8kkCEFUPaAeJV0sAi',
  grant_type: 'refresh_token',
  scope: 'email https://www.googleapis.com/auth/cloud-platform https://www.googleapis.com/auth/cloudplatformprojects.readonly https://www.googleapis.com/auth/firebase openid' } 
 Sun Nov 12 2017 04:51:18 GMT-0500 (EST)
[debug] [2017-11-12T09:51:18.245Z] <<< HTTP RESPONSE 200
[debug] [2017-11-12T09:51:18.274Z] >>> HTTP REQUEST GET https://admin.firebase.com/v1/database/decision-helper-ff441/tokens  
 Sun Nov 12 2017 04:51:18 GMT-0500 (EST)
[debug] [2017-11-12T09:51:38.664Z] <<< HTTP RESPONSE 500
[debug] [2017-11-12T09:51:38.664Z] <<< HTTP RESPONSE BODY
[error] 
[error] Error: HTTP Error: 500, An unknown error occurred. Please contact support.
[debug] [2017-11-12T09:51:38.671Z] Error Context: {
  "body": {
    "error": {
      "code": "UNKNOWN_ERROR",
      "message": "An unknown error occurred. Please contact support."
    }
  },
  "response": {
    "statusCode": 500,
    "body": {
      "error": {
        "code": "UNKNOWN_ERROR",
        "message": "An unknown error occurred. Please contact support."
      }
    },
    "headers": {
      "server": "nginx",
      "date": "Sun, 12 Nov 2017 09:51:38 GMT",
      "content-type": "application/json; charset=utf-8",
      "content-length": "97",
      "connection": "close",
      "x-content-type-options": "nosniff"
    },
    "request": {
      "uri": {
        "protocol": "https:",
        "slashes": true,
        "auth": null,
        "host": "admin.firebase.com",
        "port": 443,
        "hostname": "admin.firebase.com",
        "hash": null,
        "search": null,
        "query": null,
        "pathname": "/v1/database/decision-helper-ff441/tokens",
        "path": "/v1/database/decision-helper-ff441/tokens",
        "href": "https://admin.firebase.com/v1/database/decision-helper-ff441/tokens"
      },
      "method": "GET"
    }
  }
}
